
 Performing NEB on the FE surface

 Reading masses from file: ALAD.prmtop
   12.010000000000000        14.010000000000000        12.010000000000000     
   12.010000000000000        14.010000000000000     

 Replica|Max force|Converged
           2  0.53788471148712991      T
           3   1.0449926620179113      T
           4   2.3645790437773253      F
           5   5.7416628602357500      F
           6   2.7939260030569115      F
           7   1.5617765434421993      T
           8  0.75365636575243899      T
           9   1.3344845050444603      T
          10   1.0554376167254498      T
          11   4.6280991619771736      F
          12   4.2949112481421157      F
          13   1.3090096163869629      T
          14  0.54954150180065930      T

 Band max force:    5.7416628602357500      on replica:            5

 Band max STD:    2.9109581260185883E-003 on replica:            9

 System converged: F

 Band max fneb:    17.627419255259678      on replica:            9

 Band max fspring0:    17.596691815614079      on replica:            9

 Max displacement due MD:    1.8684890407180466E-002
 Using smartstep option
 Base step length:    1.2815003922223204E-315
 Max displacement due MD+steepfperp:    1.8678563731810538E-002
 Step length: 0.002000
 rmsfneb(FNEB): 0.377838

 Performing extra optimization steps using fspring    
 to get a better distribution of replicas.            
 Extra optmization movements:    50000


 Band max fspringLast:    8.7750157643414006     
 Total spring steps:           24
 Equispaced:  T

 Max displacement due MD+steepfspring:    6.2137976749018220E-003

 Extrema info
 Barrier:    7.3246172410440611     
 Minimum point:    1.0000000000000000     
 Maximum point:    8.0000000000000000     

