
 Performing NEB on the FE surface

 Reading masses from file: ALAD.prmtop
   12.010000000000000        14.010000000000000        12.010000000000000     
   12.010000000000000        14.010000000000000     

 Replica|Max force|Converged
           2  0.91558400161146813      T
           3   2.3849488153079816      F
           4   4.7051436070601582      F
           5   7.9014743482202370      F
           6   6.7362722615440571      F
           7   2.8684668020343294      F
           8   2.5861898006456046      F
           9   2.7969441274688527      F
          10   3.3416777793966528      F
          11   5.9718712303690378      F
          12   4.3821285276164188      F
          13   2.1941112070298270      T
          14  0.98276515661963093      T

 Band max force:    7.9014743482202370      on replica:            5

 Band max STD:    2.9947023718594852E-003 on replica:            9

 System converged: F

 Band max fneb:    22.735565680104916      on replica:            9

 Band max fspring0:    22.580997655781573      on replica:            9

 Max displacement due MD:    1.8882960957527173E-002
 Using smartstep option
 Base step length:    6.9232256683958416E-310
 Max displacement due MD+steepfperp:    1.9064556136290767E-002
 Step length: 0.002000
 rmsfneb(FNEB): 0.457528

 Performing extra optimization steps using fspring    
 to get a better distribution of replicas.            
 Extra optmization movements:    50000


 Band max fspringLast:    11.004324738415534     
 Total spring steps:           27
 Equispaced:  T

 Max displacement due MD+steepfspring:    8.7823593934395761E-003

 Extrema info
 Barrier:    7.4034971809876700     
 Minimum point:    1.0000000000000000     
 Maximum point:    8.0000000000000000     

