
 Performing NEB on the FE surface

 Reading masses from file: ALAD.prmtop
   12.010000000000000        14.010000000000000        12.010000000000000     
   12.010000000000000        14.010000000000000     

 Replica|Max force|Converged
           2  0.58556706217983634      T
           3   1.2631104076595017      T
           4   2.7599651989789122      F
           5   6.0062758372597758      F
           6   3.1677065433259006      F
           7   1.7758110488128496      T
           8   1.1139514219874966      T
           9   1.6831915104333470      T
          10  0.91770196101812018      T
          11   4.9762452860977895      F
          12   4.3185101750098074      F
          13   1.4354563214708627      T
          14  0.55520586993182452      T

 Band max force:    6.0062758372597758      on replica:            5

 Band max STD:    3.1736663920478485E-003 on replica:            9

 System converged: F

 Band max fneb:    18.425384382422440      on replica:            9

 Band max fspring0:    18.390570455546019      on replica:            9

 Max displacement due MD:    1.8715243100166368E-002
 Using smartstep option
 Base step length:    6.9373199323557328E-310
 Max displacement due MD+steepfperp:    1.8759103321437154E-002
 Step length: 0.002000
 rmsfneb(FNEB): 0.389760

 Performing extra optimization steps using fspring    
 to get a better distribution of replicas.            
 Extra optmization movements:    50000


 Band max fspringLast:    9.2855201822804414     
 Total spring steps:           24
 Equispaced:  T

 Max displacement due MD+steepfspring:    6.6181825332494726E-003

 Extrema info
 Barrier:    7.3678307948991604     
 Minimum point:    1.0000000000000000     
 Maximum point:    8.0000000000000000     

