
 Performing NEB on the FE surface

 Reading masses from file: ALAD.prmtop
   12.010000000000000        14.010000000000000        12.010000000000000     
   12.010000000000000        14.010000000000000     

 Replica|Max force|Converged
           2  0.71657515713520192      T
           3   1.9001010713624467      T
           4   3.8721163432873640      F
           5   6.9921724828055902      F
           6   5.2381093284008342      F
           7   2.3829889123644139      F
           8   1.9781367861151700      T
           9   2.4355358562962222      F
          10   2.2644955525678880      F
          11   5.5563507739586599      F
          12   4.3763407079454266      F
          13   1.9457126392196236      T
          14  0.78372836972428805      T

 Band max force:    6.9921724828055902      on replica:            5

 Band max STD:    2.9810009746205220E-003 on replica:            9

 System converged: F

 Band max fneb:    20.085125933233183      on replica:            9

 Band max fspring0:    19.995375269908688      on replica:            9

 Max displacement due MD:    1.8851272251510620E-002
 Using smartstep option
 Base step length:    1.2815003922223204E-315
 Max displacement due MD+steepfperp:    1.8991863026768252E-002
 Step length: 0.002000
 rmsfneb(FNEB): 0.417681

 Performing extra optimization steps using fspring    
 to get a better distribution of replicas.            
 Extra optmization movements:    50000


 Band max fspringLast:    10.993129195017840     
 Total spring steps:           22
 Equispaced:  T

 Max displacement due MD+steepfspring:    7.9988687888613019E-003

 Extrema info
 Barrier:    7.3954895619028083     
 Minimum point:    1.0000000000000000     
 Maximum point:    8.0000000000000000     

