
 Performing NEB on the FE surface

 Reading masses from file: ALAD.prmtop
   12.010000000000000        14.010000000000000        12.010000000000000     
   12.010000000000000        14.010000000000000     

 Replica|Max force|Converged
           2   1.2363565579382998      T
           3   3.0857493974832675      F
           4   5.7552980845783761      F
           5   8.8196482701256347      F
           6   8.3340400733722859      F
           7   3.7230655326970630      F
           8   3.8428631586473676      F
           9   3.9338149158018965      F
          10   4.6298897069308271      F
          11   7.1683307678427859      F
          12   5.6488015159360652      F
          13   2.6315039865319698      F
          14   1.1703233538655351      T

 Band max force:    8.8196482701256347      on replica:            5

 Band max STD:    2.8477432188892776E-003 on replica:            9

 System converged: F

 Band max fneb:    24.414508676966250      on replica:            9

 Band max fspring0:    24.095504438502104      on replica:            9

 Max displacement due MD:    1.9072840305900396E-002
 Using smartstep option
 Base step length:    6.9294895242385681E-310
 Max displacement due MD+steepfperp:    1.9267666290707308E-002
 Step length: 0.002000
 rmsfneb(FNEB): 0.487524

 Performing extra optimization steps using fspring    
 to get a better distribution of replicas.            
 Extra optmization movements:    50000


 Band max fspringLast:    12.687894242058109     
 Total spring steps:           24
 Equispaced:  T

 Max displacement due MD+steepfspring:    9.9702974540608613E-003

 Extrema info
 Barrier:    7.4432012150645761     
 Minimum point:    1.0000000000000000     
 Maximum point:    8.0000000000000000     

